This is pdfTeX, Version 3.1415926-2.5-1.40.14 (TeX Live 2013) (format=pdflatex 2013.5.30)  2 JUN 2014 16:55
entering extended mode
 restricted \write18 enabled.
 file:line:error style messages enabled.
 %&-line parsing enabled.
**main.tex
(./main.tex
LaTeX2e <2011/06/27>
Babel <3.9f> and hyphenation patterns for 78 languages loaded.
./main.tex:4: Undefined control sequence.
l.4 \chapter
            {Abstract}
? 
./main.tex:4: Emergency stop.
l.4 \chapter
            {Abstract}
End of file on the terminal!

 
Here is how much of TeX's memory you used:
 5 strings out of 493315
 114 string characters out of 6137904
 52158 words of memory out of 5000000
 3557 multiletter control sequences out of 15000+600000
 3640 words of font info for 14 fonts, out of 8000000 for 9000
 957 hyphenation exceptions out of 8191
 5i,0n,1p,56b,8s stack positions out of 5000i,500n,10000p,200000b,80000s
./main.tex:4:  ==> Fatal error occurred, no output PDF file produced!
